{
  "RSpec": {
    "coverage": {
      "/var/www/Manage-Personal-Tasks-api/app/controllers/api/v1/task_controller.rb": {
        "lines": [
          1,
          1,
          1,
          1,
          null,
          null,
          1,
          0,
          null,
          0,
          null,
          null,
          null,
          null,
          null,
          null,
          null,
          null,
          0,
          0,
          null,
          null,
          null,
          null,
          null,
          null,
          null,
          1,
          0,
          null,
          null,
          null,
          null,
          null,
          null,
          null,
          null,
          0,
          null,
          null,
          null,
          null,
          null,
          0,
          0,
          null,
          null,
          null,
          null,
          null,
          null,
          1,
          null,
          1,
          0,
          null,
          null,
          1,
          0,
          null,
          null
        ]
      },
      "/var/www/Manage-Personal-Tasks-api/app/controllers/application_controller.rb": {
        "lines": [
          1,
          1,
          1,
          null,
          1,
          null,
          1,
          0,
          null,
          null
        ]
      },
      "/var/www/Manage-Personal-Tasks-api/app/channels/application_cable/channel.rb": {
        "lines": [
          0,
          0,
          0,
          0
        ],
        "branches": {
        }
      },
      "/var/www/Manage-Personal-Tasks-api/app/channels/application_cable/connection.rb": {
        "lines": [
          0,
          0,
          0,
          0
        ],
        "branches": {
        }
      },
      "/var/www/Manage-Personal-Tasks-api/app/controllers/api/v1/home_controller.rb": {
        "lines": [
          0,
          0
        ],
        "branches": {
        }
      },
      "/var/www/Manage-Personal-Tasks-api/app/controllers/api/v1/sessions_controller.rb": {
        "lines": [
          0,
          0,
          0,
          0,
          0,
          0,
          0,
          null,
          0,
          null,
          0,
          0,
          0,
          0,
          0,
          0
        ],
        "branches": {
        }
      },
      "/var/www/Manage-Personal-Tasks-api/app/controllers/api/v1/sub_task_controller.rb": {
        "lines": [
          0,
          0,
          0,
          0,
          0,
          null,
          null,
          0,
          0,
          0,
          0,
          0,
          0,
          0,
          0,
          0,
          0,
          0,
          0,
          0,
          0,
          0,
          0,
          0,
          0,
          0,
          0,
          0,
          0,
          0,
          null,
          0,
          null,
          0,
          0,
          0,
          null,
          0,
          0,
          0,
          null,
          0,
          0,
          0,
          0
        ],
        "branches": {
        }
      },
      "/var/www/Manage-Personal-Tasks-api/app/jobs/application_job.rb": {
        "lines": [
          0,
          null,
          null,
          null,
          null,
          null,
          0
        ],
        "branches": {
        }
      },
      "/var/www/Manage-Personal-Tasks-api/app/mailers/application_mailer.rb": {
        "lines": [
          0,
          0,
          0,
          0
        ],
        "branches": {
        }
      },
      "/var/www/Manage-Personal-Tasks-api/app/models/application_record.rb": {
        "lines": [
          0,
          0,
          0
        ],
        "branches": {
        }
      },
      "/var/www/Manage-Personal-Tasks-api/app/models/sub_task.rb": {
        "lines": [
          0,
          0,
          null,
          0,
          0
        ],
        "branches": {
        }
      },
      "/var/www/Manage-Personal-Tasks-api/app/models/task.rb": {
        "lines": [
          0,
          0,
          null,
          0,
          0,
          0
        ],
        "branches": {
        }
      },
      "/var/www/Manage-Personal-Tasks-api/app/models/user.rb": {
        "lines": [
          null,
          null,
          0,
          0,
          null,
          null,
          0,
          0,
          0,
          null,
          0,
          0
        ],
        "branches": {
        }
      },
      "/var/www/Manage-Personal-Tasks-api/app/serializers/sub_task_serializer.rb": {
        "lines": [
          0,
          0,
          null,
          0,
          0
        ],
        "branches": {
        }
      },
      "/var/www/Manage-Personal-Tasks-api/app/serializers/task_serializer.rb": {
        "lines": [
          0,
          0,
          null,
          0,
          0,
          0
        ],
        "branches": {
        }
      },
      "/var/www/Manage-Personal-Tasks-api/app/serializers/user_serializer.rb": {
        "lines": [
          0,
          0,
          0
        ],
        "branches": {
        }
      }
    },
    "timestamp": 1715922852
  }
}
